<?xml version="1.0" encoding="UTF-8"?>
<coverage generated="1669053215155" clover="3.2.0">
  <project timestamp="1669053215155" name="All files">
    <metrics statements="31" coveredstatements="31" conditionals="6" coveredconditionals="6" methods="13" coveredmethods="13" elements="50" coveredelements="50" complexity="0" loc="31" ncloc="31" packages="3" files="3" classes="3"/>
    <package name="src">
      <metrics statements="22" coveredstatements="22" conditionals="0" coveredconditionals="0" methods="7" coveredmethods="7"/>
      <file name="App.js" path="/Users/dmpenkin/project/test-app-web/src/App.js">
        <metrics statements="22" coveredstatements="22" conditionals="0" coveredconditionals="0" methods="7" coveredmethods="7"/>
        <line num="15" count="10" type="stmt"/>
        <line num="17" count="10" type="stmt"/>
        <line num="18" count="10" type="stmt"/>
        <line num="19" count="10" type="stmt"/>
        <line num="20" count="10" type="stmt"/>
        <line num="22" count="10" type="stmt"/>
        <line num="23" count="4" type="stmt"/>
        <line num="24" count="4" type="stmt"/>
        <line num="25" count="4" type="stmt"/>
        <line num="29" count="10" type="stmt"/>
        <line num="30" count="1" type="stmt"/>
        <line num="31" count="1" type="stmt"/>
        <line num="32" count="1" type="stmt"/>
        <line num="35" count="10" type="stmt"/>
        <line num="36" count="1" type="stmt"/>
        <line num="37" count="1" type="stmt"/>
        <line num="38" count="1" type="stmt"/>
        <line num="41" count="10" type="stmt"/>
        <line num="42" count="1" type="stmt"/>
        <line num="43" count="1" type="stmt"/>
        <line num="46" count="10" type="stmt"/>
        <line num="51" count="12" type="stmt"/>
      </file>
    </package>
    <package name="src.components.AddTodos">
      <metrics statements="5" coveredstatements="5" conditionals="2" coveredconditionals="2" methods="3" coveredmethods="3"/>
      <file name="index.js" path="/Users/dmpenkin/project/test-app-web/src/components/AddTodos/index.js">
        <metrics statements="5" coveredstatements="5" conditionals="2" coveredconditionals="2" methods="3" coveredmethods="3"/>
        <line num="6" count="13" type="stmt"/>
        <line num="8" count="13" type="stmt"/>
        <line num="9" count="2" type="stmt"/>
        <line num="16" count="13" type="stmt"/>
        <line num="17" count="1" type="stmt"/>
      </file>
    </package>
    <package name="src.components.TodoItem">
      <metrics statements="4" coveredstatements="4" conditionals="4" coveredconditionals="4" methods="3" coveredmethods="3"/>
      <file name="index.js" path="/Users/dmpenkin/project/test-app-web/src/components/TodoItem/index.js">
        <metrics statements="4" coveredstatements="4" conditionals="4" coveredconditionals="4" methods="3" coveredmethods="3"/>
        <line num="6" count="12" type="cond" truecount="2" falsecount="0"/>
        <line num="8" count="12" type="stmt"/>
        <line num="17" count="1" type="stmt"/>
        <line num="23" count="1" type="stmt"/>
      </file>
    </package>
  </project>
</coverage>
