{"/Users/dmpenkin/project/test-app-web/src/App.js": {"path":"/Users/dmpenkin/project/test-app-web/src/App.js","statementMap":{"0":{"start":{"line":15,"column":28},"end":{"line":15,"column":40}},"1":{"start":{"line":17,"column":28},"end":{"line":17,"column":56}},"2":{"start":{"line":18,"column":21},"end":{"line":18,"column":42}},"3":{"start":{"line":19,"column":23},"end":{"line":19,"column":46}},"4":{"start":{"line":20,"column":23},"end":{"line":20,"column":46}},"5":{"start":{"line":22,"column":2},"end":{"line":27,"column":24}},"6":{"start":{"line":23,"column":4},"end":{"line":26,"column":9}},"7":{"start":{"line":24,"column":33},"end":{"line":24,"column":56}},"8":{"start":{"line":25,"column":6},"end":{"line":25,"column":25}},"9":{"start":{"line":29,"column":25},"end":{"line":33,"column":3}},"10":{"start":{"line":30,"column":4},"end":{"line":30,"column":23}},"11":{"start":{"line":31,"column":31},"end":{"line":31,"column":55}},"12":{"start":{"line":32,"column":4},"end":{"line":32,"column":23}},"13":{"start":{"line":35,"column":27},"end":{"line":39,"column":3}},"14":{"start":{"line":36,"column":15},"end":{"line":36,"column":23}},"15":{"start":{"line":37,"column":31},"end":{"line":37,"column":51}},"16":{"start":{"line":38,"column":4},"end":{"line":38,"column":23}},"17":{"start":{"line":41,"column":27},"end":{"line":44,"column":3}},"18":{"start":{"line":42,"column":31},"end":{"line":42,"column":52}},"19":{"start":{"line":43,"column":4},"end":{"line":43,"column":23}},"20":{"start":{"line":46,"column":2},"end":{"line":59,"column":4}},"21":{"start":{"line":51,"column":8},"end":{"line":56,"column":10}}},"fnMap":{"0":{"name":"App","decl":{"start":{"line":14,"column":9},"end":{"line":14,"column":12}},"loc":{"start":{"line":14,"column":15},"end":{"line":60,"column":1}},"line":14},"1":{"name":"(anonymous_1)","decl":{"start":{"line":22,"column":12},"end":{"line":22,"column":13}},"loc":{"start":{"line":22,"column":18},"end":{"line":27,"column":3}},"line":22},"2":{"name":"(anonymous_2)","decl":{"start":{"line":23,"column":5},"end":{"line":23,"column":6}},"loc":{"start":{"line":23,"column":17},"end":{"line":26,"column":5}},"line":23},"3":{"name":"(anonymous_3)","decl":{"start":{"line":29,"column":25},"end":{"line":29,"column":26}},"loc":{"start":{"line":29,"column":48},"end":{"line":33,"column":3}},"line":29},"4":{"name":"(anonymous_4)","decl":{"start":{"line":35,"column":27},"end":{"line":35,"column":28}},"loc":{"start":{"line":35,"column":43},"end":{"line":39,"column":3}},"line":35},"5":{"name":"(anonymous_5)","decl":{"start":{"line":41,"column":27},"end":{"line":41,"column":28}},"loc":{"start":{"line":41,"column":42},"end":{"line":44,"column":3}},"line":41},"6":{"name":"(anonymous_6)","decl":{"start":{"line":50,"column":17},"end":{"line":50,"column":18}},"loc":{"start":{"line":51,"column":8},"end":{"line":56,"column":10}},"line":51}},"branchMap":{},"s":{"0":10,"1":10,"2":10,"3":10,"4":10,"5":10,"6":4,"7":4,"8":4,"9":10,"10":1,"11":1,"12":1,"13":10,"14":1,"15":1,"16":1,"17":10,"18":1,"19":1,"20":10,"21":12},"f":{"0":10,"1":4,"2":4,"3":1,"4":1,"5":1,"6":12},"b":{},"_coverageSchema":"1a1c01bbd47fc00a2c39e90264f33305004495a9","hash":"93ff64d666eea8f2859608038566ac7fcae113eb"}
,"/Users/dmpenkin/project/test-app-web/src/components/AddTodos/index.js": {"path":"/Users/dmpenkin/project/test-app-web/src/components/AddTodos/index.js","statementMap":{"0":{"start":{"line":6,"column":34},"end":{"line":6,"column":44}},"1":{"start":{"line":8,"column":21},"end":{"line":14,"column":3}},"2":{"start":{"line":9,"column":4},"end":{"line":13,"column":6}},"3":{"start":{"line":16,"column":2},"end":{"line":30,"column":3}},"4":{"start":{"line":17,"column":44},"end":{"line":17,"column":65}}},"fnMap":{"0":{"name":"AddTodo","decl":{"start":{"line":5,"column":9},"end":{"line":5,"column":16}},"loc":{"start":{"line":5,"column":31},"end":{"line":31,"column":1}},"line":5},"1":{"name":"(anonymous_1)","decl":{"start":{"line":8,"column":21},"end":{"line":8,"column":22}},"loc":{"start":{"line":8,"column":27},"end":{"line":14,"column":3}},"line":8},"2":{"name":"(anonymous_2)","decl":{"start":{"line":17,"column":37},"end":{"line":17,"column":38}},"loc":{"start":{"line":17,"column":44},"end":{"line":17,"column":65}},"line":17}},"branchMap":{"0":{"loc":{"start":{"line":28,"column":44},"end":{"line":28,"column":80}},"type":"cond-expr","locations":[{"start":{"line":28,"column":69},"end":{"line":28,"column":73}},{"start":{"line":28,"column":75},"end":{"line":28,"column":80}}],"line":28}},"s":{"0":13,"1":13,"2":2,"3":13,"4":1},"f":{"0":13,"1":2,"2":1},"b":{"0":[10,3]},"_coverageSchema":"1a1c01bbd47fc00a2c39e90264f33305004495a9","hash":"c7bd0f6d3fcb95bba0f3a8e7bc867ebbe9efa961"}
,"/Users/dmpenkin/project/test-app-web/src/components/TodoItem/index.js": {"path":"/Users/dmpenkin/project/test-app-web/src/components/TodoItem/index.js","statementMap":{"0":{"start":{"line":6,"column":20},"end":{"line":6,"column":53}},"1":{"start":{"line":8,"column":2},"end":{"line":31,"column":4}},"2":{"start":{"line":17,"column":25},"end":{"line":17,"column":41}},"3":{"start":{"line":23,"column":25},"end":{"line":23,"column":45}}},"fnMap":{"0":{"name":"Todo","decl":{"start":{"line":5,"column":9},"end":{"line":5,"column":13}},"loc":{"start":{"line":5,"column":48},"end":{"line":32,"column":1}},"line":5},"1":{"name":"(anonymous_1)","decl":{"start":{"line":17,"column":19},"end":{"line":17,"column":20}},"loc":{"start":{"line":17,"column":25},"end":{"line":17,"column":41}},"line":17},"2":{"name":"(anonymous_2)","decl":{"start":{"line":23,"column":19},"end":{"line":23,"column":20}},"loc":{"start":{"line":23,"column":25},"end":{"line":23,"column":45}},"line":23}},"branchMap":{"0":{"loc":{"start":{"line":6,"column":20},"end":{"line":6,"column":53}},"type":"cond-expr","locations":[{"start":{"line":6,"column":34},"end":{"line":6,"column":48}},{"start":{"line":6,"column":51},"end":{"line":6,"column":53}}],"line":6},"1":{"loc":{"start":{"line":18,"column":21},"end":{"line":18,"column":71}},"type":"cond-expr","locations":[{"start":{"line":18,"column":35},"end":{"line":18,"column":48}},{"start":{"line":18,"column":51},"end":{"line":18,"column":71}}],"line":18}},"s":{"0":12,"1":12,"2":1,"3":1},"f":{"0":12,"1":1,"2":1},"b":{"0":[1,11],"1":[1,11]},"_coverageSchema":"1a1c01bbd47fc00a2c39e90264f33305004495a9","hash":"f6a509c1445e17d889fd6f82399920de6b6d17c4"}
}
