TN:
SF:src/App.js
FN:14,App
FN:22,(anonymous_1)
FN:23,(anonymous_2)
FN:29,(anonymous_3)
FN:35,(anonymous_4)
FN:41,(anonymous_5)
FN:50,(anonymous_6)
FNF:7
FNH:7
FNDA:10,App
FNDA:4,(anonymous_1)
FNDA:4,(anonymous_2)
FNDA:1,(anonymous_3)
FNDA:1,(anonymous_4)
FNDA:1,(anonymous_5)
FNDA:12,(anonymous_6)
DA:15,10
DA:17,10
DA:18,10
DA:19,10
DA:20,10
DA:22,10
DA:23,4
DA:24,4
DA:25,4
DA:29,10
DA:30,1
DA:31,1
DA:32,1
DA:35,10
DA:36,1
DA:37,1
DA:38,1
DA:41,10
DA:42,1
DA:43,1
DA:46,10
DA:51,12
LF:22
LH:22
BRF:0
BRH:0
end_of_record
TN:
SF:src/components/AddTodos/index.js
FN:5,AddTodo
FN:8,(anonymous_1)
FN:17,(anonymous_2)
FNF:3
FNH:3
FNDA:13,AddTodo
FNDA:2,(anonymous_1)
FNDA:1,(anonymous_2)
DA:6,13
DA:8,13
DA:9,2
DA:16,13
DA:17,1
LF:5
LH:5
BRDA:28,0,0,10
BRDA:28,0,1,3
BRF:2
BRH:2
end_of_record
TN:
SF:src/components/TodoItem/index.js
FN:5,Todo
FN:17,(anonymous_1)
FN:23,(anonymous_2)
FNF:3
FNH:3
FNDA:12,Todo
FNDA:1,(anonymous_1)
FNDA:1,(anonymous_2)
DA:6,12
DA:8,12
DA:17,1
DA:23,1
LF:4
LH:4
BRDA:6,0,0,1
BRDA:6,0,1,11
BRDA:18,1,0,1
BRDA:18,1,1,11
BRF:4
BRH:4
end_of_record
